<?xml version="1.0" encoding="UTF-8"?>
<!-- Generated by org.testng.reporters.JUnitReportReporter -->
<testsuite skipped="0" hostname="DESKTOP-7HNKN0S" name="testngPack.JenkinsDemo" tests="1" failures="0" timestamp="26 Feb 2020 10:35:19 GMT" time="15.682" errors="0">
  <testcase name="testGoogleSearch" time="15.682" classname="testngPack.JenkinsDemo"/>
</testsuite> <!-- testngPack.JenkinsDemo -->
