<?xml version="1.0" encoding="UTF-8"?>
<!-- Generated by org.testng.reporters.JUnitReportReporter -->
<testsuite skipped="0" hostname="DESKTOP-7HNKN0S" name="testngPack.JenkinsDemo" tests="1" failures="0" timestamp="26 Feb 2020 12:45:46 GMT" time="6.694" errors="0">
  <testcase name="testGoogleSearch" time="6.694" classname="testngPack.JenkinsDemo"/>
</testsuite> <!-- testngPack.JenkinsDemo -->
